0 info it worked if it ends with ok
1 verbose cli [ '/usr/local/bin/node', '/usr/local/bin/npm', 'start' ]
2 info using npm@4.0.3
3 info using node@v6.9.2
4 verbose run-script [ 'prestart', 'start', 'poststart' ]
5 info lifecycle fcc-learn-npm-package-json@~prestart: fcc-learn-npm-package-json@
6 silly lifecycle fcc-learn-npm-package-json@~prestart: no script for prestart, continuing
7 info lifecycle fcc-learn-npm-package-json@~start: fcc-learn-npm-package-json@
8 verbose lifecycle fcc-learn-npm-package-json@~start: unsafe-perm in lifecycle true
9 verbose lifecycle fcc-learn-npm-package-json@~start: PATH: /usr/local/lib/node_modules/npm/bin/node-gyp-bin:/Users/jmccallum/GIT/boilerplate-npm/node_modules/.bin:/Users/jmccallum/.pyenv/plugins/pyenv-virtualenv/shims:/Users/jmccallum/.pyenv/shims:/usr/local/opt/python/libexec/bin:/Library/PostgreSQL/9.4/bin:/usr/local/bin:/usr/bin:/bin:/usr/sbin:/sbin:/Applications/data-integration:/Library/TeX/texbin:/usr/local/share/dotnet:/Users/jmccallum/.pyenv/plugins/pyenv-virtualenv/shims:/Users/jmccallum/.pyenv/shims:/usr/local/opt/python/libexec/bin:/Library/PostgreSQL/9.4/bin
10 verbose lifecycle fcc-learn-npm-package-json@~start: CWD: /Users/jmccallum/GIT/boilerplate-npm
11 silly lifecycle fcc-learn-npm-package-json@~start: Args: [ '-c', 'node server.js' ]
12 silly lifecycle fcc-learn-npm-package-json@~start: Returned: code: 1  signal: null
13 info lifecycle fcc-learn-npm-package-json@~start: Failed to exec start script
14 verbose stack Error: fcc-learn-npm-package-json@ start: `node server.js`
14 verbose stack Exit status 1
14 verbose stack     at EventEmitter.<anonymous> (/usr/local/lib/node_modules/npm/lib/utils/lifecycle.js:279:16)
14 verbose stack     at emitTwo (events.js:106:13)
14 verbose stack     at EventEmitter.emit (events.js:191:7)
14 verbose stack     at ChildProcess.<anonymous> (/usr/local/lib/node_modules/npm/lib/utils/spawn.js:40:14)
14 verbose stack     at emitTwo (events.js:106:13)
14 verbose stack     at ChildProcess.emit (events.js:191:7)
14 verbose stack     at maybeClose (internal/child_process.js:877:16)
14 verbose stack     at Process.ChildProcess._handle.onexit (internal/child_process.js:226:5)
15 verbose pkgid fcc-learn-npm-package-json@
16 verbose cwd /Users/jmccallum/GIT/boilerplate-npm
17 error Darwin 17.3.0
18 error argv "/usr/local/bin/node" "/usr/local/bin/npm" "start"
19 error node v6.9.2
20 error npm  v4.0.3
21 error code ELIFECYCLE
22 error fcc-learn-npm-package-json@ start: `node server.js`
22 error Exit status 1
23 error Failed at the fcc-learn-npm-package-json@ start script 'node server.js'.
23 error Make sure you have the latest version of node.js and npm installed.
23 error If you do, this is most likely a problem with the fcc-learn-npm-package-json package,
23 error not with npm itself.
23 error Tell the author that this fails on your system:
23 error     node server.js
23 error You can get information on how to open an issue for this project with:
23 error     npm bugs fcc-learn-npm-package-json
23 error Or if that isn't available, you can get their info via:
23 error     npm owner ls fcc-learn-npm-package-json
23 error There is likely additional logging output above.
24 verbose exit [ 1, true ]
